★ eas-cli@18.7.0 is now available.
To upgrade, run:
npm install -g eas-cli
Proceeding with outdated version.

(node:47177) [DEP0040] DeprecationWarning: The `punycode` module is deprecated. Please use a userland alternative instead.
(Use `node --trace-deprecation ...` to show where the warning was created)

⚠️ Detected that your app uses Expo Go for development, this is not recommended when building production apps.
Learn more: https://expo.fyi/why-not-build-expo-go-for-production
To suppress this warning, set EAS_BUILD_NO_EXPO_GO_WARNING=true.

The field "cli.appVersionSource" is not set, but it will be required in the future. Learn more: https://docs.expo.dev/build-reference/app-versions/
Resolved "production" environment for the build. Learn more: https://docs.expo.dev/eas/environment-variables/#setting-the-environment-for-your-builds
No environment variables with visibility "Plain text" and "Sensitive" found for the "production" environment on EAS.
Environment variables loaded from the "production" build profile "env" configuration: EXPO_PUBLIC_API_URL.


You've used 100% of your included build credits for this month.
Additional usage beyond your limit will be charged at pay-as-you-go rates. See usage in billing.: https://expo.dev/accounts/maiklmax/settings/billing

The field "cli.appVersionSource" is not set, but it will be required in the future. Learn more: https://docs.expo.dev/build-reference/app-versions/
✔ Using remote Android credentials (Expo server)
✔ Using Keystore from configuration: Build Credentials GzCgdn2xD4 (default)

Compressing project files and uploading to EAS Build. Learn more: https://expo.fyi/eas-build-archive
- Uploading to EAS Build (0 / 4.0 MB)
✔ Uploaded to EAS 11s
- Computing project fingerprint
✔ Computed project fingerprint

See logs: https://expo.dev/accounts/maiklmax/projects/nailbook-pro/builds/0102707d-8cd4-42bf-980b-780854eafde8

Waiting for build to complete. You can press Ctrl+C to exit.
- Waiting for build to complete.
