★ eas-cli@18.7.0 is now available.
To upgrade, run:
npm install -g eas-cli
Proceeding with outdated version.

(node:46577) [DEP0040] DeprecationWarning: The `punycode` module is deprecated. Please use a userland alternative instead.
(Use `node --trace-deprecation ...` to show where the warning was created)

⚠️ Detected that your app uses Expo Go for development, this is not recommended when building production apps.
Learn more: https://expo.fyi/why-not-build-expo-go-for-production
To suppress this warning, set EAS_BUILD_NO_EXPO_GO_WARNING=true.

The field "cli.appVersionSource" is not set, but it will be required in the future. Learn more: https://docs.expo.dev/build-reference/app-versions/
Resolved "production" environment for the build. Learn more: https://docs.expo.dev/eas/environment-variables/#setting-the-environment-for-your-builds
No environment variables with visibility "Plain text" and "Sensitive" found for the "production" environment on EAS.
Environment variables loaded from the "production" build profile "env" configuration: EXPO_PUBLIC_API_URL.


You've used 100% of your included build credits for this month.
Additional usage beyond your limit will be charged at pay-as-you-go rates. See usage in billing.: https://expo.dev/accounts/maiklmax/settings/billing

The field "cli.appVersionSource" is not set, but it will be required in the future. Learn more: https://docs.expo.dev/build-reference/app-versions/
✔ Using remote iOS credentials (Expo server)

Distribution Certificate is not validated for non-interactive builds.
Skipping Provisioning Profile validation on Apple Servers because we aren't authenticated.

Project Credentials Configuration

Project                   @maiklmax/nailbook-pro
Bundle Identifier         com.nailbook.pro
                          
App Store Configuration   
                          
Distribution Certificate  
Serial Number             26E9086AEBC4137A4844D68BAF529B05
Expiration Date           Wed, 24 Mar 2027 20:50:57 GMT+0200
Apple Team                H65D9ZF7WM (Povietkin Mykhailo (Individual))
Updated                   22 days ago
                          
Provisioning Profile      
Developer Portal ID       G4KAXKAWYH
Status                    active
Expiration                Wed, 24 Mar 2027 20:50:57 GMT+0200
Apple Team                H65D9ZF7WM (Povietkin Mykhailo (Individual))
Updated                   7 days ago
                          
All credentials are ready to build @maiklmax/nailbook-pro (com.nailbook.pro)


Compressing project files and uploading to EAS Build. Learn more: https://expo.fyi/eas-build-archive
- Uploading to EAS Build (0 / 4.0 MB)
✔ Uploaded to EAS 11s
- Computing project fingerprint
✔ Computed project fingerprint

See logs: https://expo.dev/accounts/maiklmax/projects/nailbook-pro/builds/e0c97710-0c03-471e-86e7-e3de1a8b8e84

Set ascAppId in the submit profile (eas.json) or re-run this command in interactive mode.
Submission failed
    Error: build command failed.
